\BOOKMARK [-1][-]{part.1}{I Bases de Ogre}{}% 1
\BOOKMARK [0][-]{chapter.1}{Installation, Premier programme}{part.1}% 2
\BOOKMARK [1][-]{section.1.1}{Premier pas}{chapter.1}% 3
\BOOKMARK [2][-]{subsection.1.1.1}{Sources}{section.1.1}% 4
\BOOKMARK [2][-]{subsection.1.1.2}{Installation}{section.1.1}% 5
\BOOKMARK [1][-]{section.1.2}{Premiere compilation}{chapter.1}% 6
\BOOKMARK [2][-]{subsection.1.2.1}{Premier programme}{section.1.2}% 7
\BOOKMARK [2][-]{subsection.1.2.2}{Compilation}{section.1.2}% 8
\BOOKMARK [1][-]{section.1.3}{Premiere compilation sous CodeBlocks}{chapter.1}% 9
\BOOKMARK [1][-]{section.1.4}{Premiere compilation sous kDevelop}{chapter.1}% 10
\BOOKMARK [1][-]{section.1.5}{Code de base}{chapter.1}% 11
\BOOKMARK [2][-]{subsection.1.5.1}{Source}{section.1.5}% 12
\BOOKMARK [0][-]{chapter.2}{Ins\351rer des objets dans la sc\350ne }{part.1}% 13
\BOOKMARK [1][-]{section.2.1}{les entit\351s}{chapter.2}% 14
\BOOKMARK [2][-]{subsection.2.1.1}{Une entit\351 c'est quoi}{section.2.1}% 15
\BOOKMARK [2][-]{subsection.2.1.2}{Le sceneManager}{section.2.1}% 16
\BOOKMARK [2][-]{subsection.2.1.3}{Cr\351er une entit\351}{section.2.1}% 17
\BOOKMARK [1][-]{section.2.2}{Les Noeuds de la sc\350ne}{chapter.2}% 18
\BOOKMARK [2][-]{subsection.2.2.1}{L'utilit\351 des Noeuds}{section.2.2}% 19
\BOOKMARK [2][-]{subsection.2.2.2}{Cr\351er un noeud}{section.2.2}% 20
\BOOKMARK [2][-]{subsection.2.2.3}{Code}{section.2.2}% 21
\BOOKMARK [1][-]{section.2.3}{Cr\351er un mesh}{chapter.2}% 22
\BOOKMARK [2][-]{subsection.2.3.1}{Le mesh}{section.2.3}% 23
\BOOKMARK [2][-]{subsection.2.3.2}{Le mat\351riau}{section.2.3}% 24
\BOOKMARK [2][-]{subsection.2.3.3}{Code}{section.2.3}% 25
\BOOKMARK [0][-]{chapter.3}{Se rep\351rer dans l'espace}{part.1}% 26
\BOOKMARK [1][-]{section.3.1}{Le syst\350me de coordonn\351es}{chapter.3}% 27
\BOOKMARK [2][-]{subsection.3.1.1}{Le rep\350re ''main droite''}{section.3.1}% 28
\BOOKMARK [2][-]{subsection.3.1.2}{Pourquoi main droite ?}{section.3.1}% 29
\BOOKMARK [2][-]{subsection.3.1.3}{Rep\350re local, rep\350re absolu}{section.3.1}% 30
\BOOKMARK [2][-]{subsection.3.1.4}{Yaw, pitch, roll}{section.3.1}% 31
\BOOKMARK [1][-]{section.3.2}{D\351placer des objets}{chapter.3}% 32
\BOOKMARK [2][-]{subsection.3.2.1}{Bouger un noeud de sc\350ne}{section.3.2}% 33
\BOOKMARK [2][-]{subsection.3.2.2}{setPosition\(\)}{section.3.2}% 34
\BOOKMARK [2][-]{subsection.3.2.3}{translate\(\)}{section.3.2}% 35
\BOOKMARK [2][-]{subsection.3.2.4}{Concr\350tement, \347a veut dire quoi ?}{section.3.2}% 36
\BOOKMARK [1][-]{section.3.3}{La cam\351ra}{chapter.3}% 37
\BOOKMARK [2][-]{subsection.3.3.1}{Cr\351ation}{section.3.3}% 38
\BOOKMARK [2][-]{subsection.3.3.2}{Placement}{section.3.3}% 39
\BOOKMARK [2][-]{subsection.3.3.3}{Code}{section.3.3}% 40
\BOOKMARK [1][-]{section.3.4}{Le viewport}{chapter.3}% 41
\BOOKMARK [2][-]{subsection.3.4.1}{Plusieurs viewports}{section.3.4}% 42
\BOOKMARK [0][-]{chapter.4}{La lumi\350re}{part.1}% 43
\BOOKMARK [1][-]{section.4.1}{Les lumi\350res}{chapter.4}% 44
\BOOKMARK [2][-]{subsection.4.1.1}{Quelques fonctions de base}{section.4.1}% 45
\BOOKMARK [2][-]{subsection.4.1.2}{Les types de lumi\350res}{section.4.1}% 46
\BOOKMARK [2][-]{subsection.4.1.3}{Lumi\350re ponctuelle}{section.4.1}% 47
\BOOKMARK [2][-]{subsection.4.1.4}{Lumi\350re directionnelle}{section.4.1}% 48
\BOOKMARK [2][-]{subsection.4.1.5}{Projecteur}{section.4.1}% 49
\BOOKMARK [1][-]{section.4.2}{Les ombres}{chapter.4}% 50
\BOOKMARK [2][-]{subsection.4.2.1}{Activer les ombres}{section.4.2}% 51
\BOOKMARK [2][-]{subsection.4.2.2}{Les diff\351rents types d'ombres}{section.4.2}% 52
\BOOKMARK [2][-]{subsection.4.2.3}{Code}{section.4.2}% 53
\BOOKMARK [0][-]{chapter.5}{La gestion des entr\351es}{part.1}% 54
\BOOKMARK [1][-]{section.5.1}{Les frame listeners}{chapter.5}% 55
\BOOKMARK [2][-]{subsection.5.1.1}{Des ''\351couteurs d'images'' ?}{section.5.1}% 56
\BOOKMARK [2][-]{subsection.5.1.2}{Le frame listener en pratique}{section.5.1}% 57
\BOOKMARK [1][-]{section.5.2}{OIS}{chapter.5}% 58
\BOOKMARK [1][-]{section.5.3}{Allons-y sans buffer}{chapter.5}% 59
\BOOKMARK [2][-]{subsection.5.3.1}{Explications}{section.5.3}% 60
\BOOKMARK [2][-]{subsection.5.3.2}{Cr\351ation du frame listener}{section.5.3}% 61
\BOOKMARK [2][-]{subsection.5.3.3}{D\351placer la cam\351ra}{section.5.3}% 62
\BOOKMARK [2][-]{subsection.5.3.4}{Et avec un noeud de sc\350ne ?}{section.5.3}% 63
\BOOKMARK [2][-]{subsection.5.3.5}{}{section.5.3}% 64
\BOOKMARK [2][-]{subsection.5.3.6}{Code}{section.5.3}% 65
\BOOKMARK [1][-]{section.5.4}{Avec buffer, c'est plus simple ?}{chapter.5}% 66
\BOOKMARK [2][-]{subsection.5.4.1}{Mise en place}{section.5.4}% 67
\BOOKMARK [2][-]{subsection.5.4.2}{Code}{section.5.4}% 68
\BOOKMARK [0][-]{chapter.6}{Gardez les pieds sur Terre}{part.1}% 69
\BOOKMARK [1][-]{section.6.1}{Cr\351er un terrain}{chapter.6}% 70
\BOOKMARK [2][-]{subsection.6.1.1}{Pr\351paration}{section.6.1}% 71
\BOOKMARK [2][-]{subsection.6.1.2}{Quelques param\350tres \340 r\351gler}{section.6.1}% 72
\BOOKMARK [2][-]{subsection.6.1.3}{Le terrain}{section.6.1}% 73
\BOOKMARK [1][-]{section.6.2}{Le plaquage de textures}{chapter.6}% 74
\BOOKMARK [2][-]{subsection.6.2.1}{Au boulot !}{section.6.2}% 75
\BOOKMARK [2][-]{subsection.6.2.2}{Pour aller plus loin}{section.6.2}% 76
\BOOKMARK [1][-]{section.6.3}{Les groupes de terrains}{chapter.6}% 77
\BOOKMARK [2][-]{subsection.6.3.1}{Cr\351ation}{section.6.3}% 78
\BOOKMARK [2][-]{subsection.6.3.2}{Optimiser le temps de chargement}{section.6.3}% 79
\BOOKMARK [0][-]{appendix.A}{Latex}{part.1}% 80
\BOOKMARK [1][-]{section.A.1}{V\351rifier sa configuration latex}{appendix.A}% 81
\BOOKMARK [1][-]{section.A.2}{Caract\350res accentu\351s}{appendix.A}% 82
\BOOKMARK [2][-]{subsection.A.2.1}{M\351thode alternative \(non test\351e\)}{section.A.2}% 83
\BOOKMARK [1][-]{section.A.3}{Notes}{appendix.A}% 84
\BOOKMARK [2][-]{subsection.A.3.1}{Note dans la marge}{section.A.3}% 85
\BOOKMARK [2][-]{subsection.A.3.2}{Note de bas de marge}{section.A.3}% 86
\BOOKMARK [1][-]{section.A.4}{Liens hyperlien}{appendix.A}% 87
\BOOKMARK [1][-]{section.A.5}{Bloc comment\351}{appendix.A}% 88
\BOOKMARK [1][-]{section.A.6}{Num\351rotation des chapitres et autres}{appendix.A}% 89
\BOOKMARK [1][-]{section.A.7}{Insertion d'images}{appendix.A}% 90
\BOOKMARK [1][-]{section.A.8}{Exemple d'insertion de code avec lstlisting}{appendix.A}% 91
\BOOKMARK [1][-]{section.A.9}{Cr\351er un index}{appendix.A}% 92
\BOOKMARK [1][-]{section.A.10}{Cr\351er une annexe}{appendix.A}% 93
