This is pdfTeX, Version 3.1415926-2.5-1.40.14 (TeX Live 2013/Debian) (format=pdflatex 2014.5.24)  11 SEP 2014 07:31
entering extended mode
 restricted \write18 enabled.
 %&-line parsing enabled.
**140720-ergo.tex
(./140720-ergo.tex
LaTeX2e <2011/06/27>
Babel <3.9h> and hyphenation patterns for 6 languages loaded.
(/usr/share/texlive/texmf-dist/tex/latex/base/report.cls
Document Class: report 2007/10/19 v1.4h Standard LaTeX document class
(/usr/share/texlive/texmf-dist/tex/latex/base/size10.clo
File: size10.clo 2007/10/19 v1.4h Standard LaTeX file (size option)
)
\c@part=\count79
\c@chapter=\count80
\c@section=\count81
\c@subsection=\count82
\c@subsubsection=\count83
\c@paragraph=\count84
\c@subparagraph=\count85
\c@figure=\count86
\c@table=\count87
\abovecaptionskip=\skip41
\belowcaptionskip=\skip42
\bibindent=\dimen102
)
(/usr/share/texlive/texmf-dist/tex/latex/base/inputenc.sty
Package: inputenc 2008/03/30 v1.1d Input encoding file
\inpenc@prehook=\toks14
\inpenc@posthook=\toks15

(/usr/share/texlive/texmf-dist/tex/latex/base/latin1.def
File: latin1.def 2008/03/30 v1.1d Input encoding file
))
(/usr/share/texlive/texmf-dist/tex/latex/amsmath/amsmath.sty
Package: amsmath 2013/01/14 v2.14 AMS math features
\@mathmargin=\skip43

For additional information on amsmath, use the `?' option.
(/usr/share/texlive/texmf-dist/tex/latex/amsmath/amstext.sty
Package: amstext 2000/06/29 v2.01

(/usr/share/texlive/texmf-dist/tex/latex/amsmath/amsgen.sty
File: amsgen.sty 1999/11/30 v2.0
\@emptytoks=\toks16
\ex@=\dimen103
))
(/usr/share/texlive/texmf-dist/tex/latex/amsmath/amsbsy.sty
Package: amsbsy 1999/11/29 v1.2d
\pmbraise@=\dimen104
)
(/usr/share/texlive/texmf-dist/tex/latex/amsmath/amsopn.sty
Package: amsopn 1999/12/14 v2.01 operator names
)
\inf@bad=\count88
LaTeX Info: Redefining \frac on input line 210.
\uproot@=\count89
\leftroot@=\count90
LaTeX Info: Redefining \overline on input line 306.
\classnum@=\count91
\DOTSCASE@=\count92
LaTeX Info: Redefining \ldots on input line 378.
LaTeX Info: Redefining \dots on input line 381.
LaTeX Info: Redefining \cdots on input line 466.
\Mathstrutbox@=\box26
\strutbox@=\box27
\big@size=\dimen105
LaTeX Font Info:    Redeclaring font encoding OML on input line 566.
LaTeX Font Info:    Redeclaring font encoding OMS on input line 567.
\macc@depth=\count93
\c@MaxMatrixCols=\count94
\dotsspace@=\muskip10
\c@parentequation=\count95
\dspbrk@lvl=\count96
\tag@help=\toks17
\row@=\count97
\column@=\count98
\maxfields@=\count99
\andhelp@=\toks18
\eqnshift@=\dimen106
\alignsep@=\dimen107
\tagshift@=\dimen108
\tagwidth@=\dimen109
\totwidth@=\dimen110
\lineht@=\dimen111
\@envbody=\toks19
\multlinegap=\skip44
\multlinetaggap=\skip45
\mathdisplay@stack=\toks20
LaTeX Info: Redefining \[ on input line 2665.
LaTeX Info: Redefining \] on input line 2666.
)
(/usr/share/texlive/texmf-dist/tex/latex/amsfonts/amsfonts.sty
Package: amsfonts 2013/01/14 v3.01 Basic AMSFonts support
\symAMSa=\mathgroup4
\symAMSb=\mathgroup5
LaTeX Font Info:    Overwriting math alphabet `\mathfrak' in version `bold'
(Font)                  U/euf/m/n --> U/euf/b/n on input line 106.
)
(/usr/share/texlive/texmf-dist/tex/latex/amsfonts/amssymb.sty
Package: amssymb 2013/01/14 v3.01 AMS font symbols
)
(/usr/share/texlive/texmf-dist/tex/latex/hyperref/hyperref.sty
Package: hyperref 2012/11/06 v6.83m Hypertext links for LaTeX

(/usr/share/texlive/texmf-dist/tex/generic/oberdiek/hobsub-hyperref.sty
Package: hobsub-hyperref 2012/05/28 v1.13 Bundle oberdiek, subset hyperref (HO)


(/usr/share/texlive/texmf-dist/tex/generic/oberdiek/hobsub-generic.sty
Package: hobsub-generic 2012/05/28 v1.13 Bundle oberdiek, subset generic (HO)
Package: hobsub 2012/05/28 v1.13 Construct package bundles (HO)
Package: infwarerr 2010/04/08 v1.3 Providing info/warning/error messages (HO)
Package: ltxcmds 2011/11/09 v1.22 LaTeX kernel commands for general use (HO)
Package: ifluatex 2010/03/01 v1.3 Provides the ifluatex switch (HO)
Package ifluatex Info: LuaTeX not detected.
Package: ifvtex 2010/03/01 v1.5 Detect VTeX and its facilities (HO)
Package ifvtex Info: VTeX not detected.
Package: intcalc 2007/09/27 v1.1 Expandable calculations with integers (HO)
Package: ifpdf 2011/01/30 v2.3 Provides the ifpdf switch (HO)
Package ifpdf Info: pdfTeX in PDF mode is detected.
Package: etexcmds 2011/02/16 v1.5 Avoid name clashes with e-TeX commands (HO)
Package etexcmds Info: Could not find \expanded.
(etexcmds)             That can mean that you are not using pdfTeX 1.50 or
(etexcmds)             that some package has redefined \expanded.
(etexcmds)             In the latter case, load this package earlier.
Package: kvsetkeys 2012/04/25 v1.16 Key value parser (HO)
Package: kvdefinekeys 2011/04/07 v1.3 Define keys (HO)
Package: pdftexcmds 2011/11/29 v0.20 Utility functions of pdfTeX for LuaTeX (HO
)
Package pdftexcmds Info: LuaTeX not detected.
Package pdftexcmds Info: \pdf@primitive is available.
Package pdftexcmds Info: \pdf@ifprimitive is available.
Package pdftexcmds Info: \pdfdraftmode found.
Package: pdfescape 2011/11/25 v1.13 Implements pdfTeX's escape features (HO)
Package: bigintcalc 2012/04/08 v1.3 Expandable calculations on big integers (HO
)
Package: bitset 2011/01/30 v1.1 Handle bit-vector datatype (HO)
Package: uniquecounter 2011/01/30 v1.2 Provide unlimited unique counter (HO)
)
Package hobsub Info: Skipping package `hobsub' (already loaded).
Package: letltxmacro 2010/09/02 v1.4 Let assignment for LaTeX macros (HO)
Package: hopatch 2012/05/28 v1.2 Wrapper for package hooks (HO)
Package: xcolor-patch 2011/01/30 xcolor patch
Package: atveryend 2011/06/30 v1.8 Hooks at the very end of document (HO)
Package atveryend Info: \enddocument detected (standard20110627).
Package: atbegshi 2011/10/05 v1.16 At begin shipout hook (HO)
Package: refcount 2011/10/16 v3.4 Data extraction from label references (HO)
Package: hycolor 2011/01/30 v1.7 Color options for hyperref/bookmark (HO)
)
(/usr/share/texlive/texmf-dist/tex/latex/graphics/keyval.sty
Package: keyval 1999/03/16 v1.13 key=value parser (DPC)
\KV@toks@=\toks21
)
(/usr/share/texlive/texmf-dist/tex/generic/ifxetex/ifxetex.sty
Package: ifxetex 2010/09/12 v0.6 Provides ifxetex conditional
)
(/usr/share/texlive/texmf-dist/tex/latex/oberdiek/auxhook.sty
Package: auxhook 2011/03/04 v1.3 Hooks for auxiliary files (HO)
)
(/usr/share/texlive/texmf-dist/tex/latex/oberdiek/kvoptions.sty
Package: kvoptions 2011/06/30 v3.11 Key value format for package options (HO)
)
\@linkdim=\dimen112
\Hy@linkcounter=\count100
\Hy@pagecounter=\count101

(/usr/share/texlive/texmf-dist/tex/latex/hyperref/pd1enc.def
File: pd1enc.def 2012/11/06 v6.83m Hyperref: PDFDocEncoding definition (HO)
)
\Hy@SavedSpaceFactor=\count102

(/usr/share/texlive/texmf-dist/tex/latex/latexconfig/hyperref.cfg
File: hyperref.cfg 2002/06/06 v1.2 hyperref configuration of TeXLive
)
Package hyperref Info: Hyper figures OFF on input line 4443.
Package hyperref Info: Link nesting OFF on input line 4448.
Package hyperref Info: Hyper index ON on input line 4451.
Package hyperref Info: Plain pages OFF on input line 4458.
Package hyperref Info: Backreferencing OFF on input line 4463.
Package hyperref Info: Implicit mode ON; LaTeX internals redefined.
Package hyperref Info: Bookmarks ON on input line 4688.
\c@Hy@tempcnt=\count103

(/usr/share/texlive/texmf-dist/tex/latex/url/url.sty
\Urlmuskip=\muskip11
Package: url 2013/09/16  ver 3.4  Verb mode for urls, etc.
)
LaTeX Info: Redefining \url on input line 5041.
\XeTeXLinkMargin=\dimen113
\Fld@menulength=\count104
\Field@Width=\dimen114
\Fld@charsize=\dimen115
Package hyperref Info: Hyper figures OFF on input line 6295.
Package hyperref Info: Link nesting OFF on input line 6300.
Package hyperref Info: Hyper index ON on input line 6303.
Package hyperref Info: backreferencing OFF on input line 6310.
Package hyperref Info: Link coloring OFF on input line 6315.
Package hyperref Info: Link coloring with OCG OFF on input line 6320.
Package hyperref Info: PDF/A mode OFF on input line 6325.
LaTeX Info: Redefining \ref on input line 6365.
LaTeX Info: Redefining \pageref on input line 6369.
\Hy@abspage=\count105
\c@Item=\count106
\c@Hfootnote=\count107
)

Package hyperref Message: Driver (autodetected): hpdftex.

(/usr/share/texlive/texmf-dist/tex/latex/hyperref/hpdftex.def
File: hpdftex.def 2012/11/06 v6.83m Hyperref driver for pdfTeX
\Fld@listcount=\count108
\c@bookmark@seq@number=\count109

(/usr/share/texlive/texmf-dist/tex/latex/oberdiek/rerunfilecheck.sty
Package: rerunfilecheck 2011/04/15 v1.7 Rerun checks for auxiliary files (HO)
Package uniquecounter Info: New unique counter `rerunfilecheck' on input line 2
82.
)
\Hy@SectionHShift=\skip46
)
(/usr/share/texlive/texmf-dist/tex/latex/tools/verbatim.sty
Package: verbatim 2003/08/22 v1.5q LaTeX2e package for verbatim enhancements
\every@verbatim=\toks22
\verbatim@line=\toks23
\verbatim@in@stream=\read1
)
(/usr/share/texlive/texmf-dist/tex/latex/moreverb/moreverb.sty
Package: moreverb 2008/06/03 v2.3a `more' verbatim facilities
\tab@position=\count110
\tab@size=\count111
\listing@line=\count112
)
(/usr/share/texlive/texmf-dist/tex/latex/graphics/graphicx.sty
Package: graphicx 1999/02/16 v1.0f Enhanced LaTeX Graphics (DPC,SPQR)

(/usr/share/texlive/texmf-dist/tex/latex/graphics/graphics.sty
Package: graphics 2009/02/05 v1.0o Standard LaTeX Graphics (DPC,SPQR)

(/usr/share/texlive/texmf-dist/tex/latex/graphics/trig.sty
Package: trig 1999/03/16 v1.09 sin cos tan (DPC)
)
(/usr/share/texlive/texmf-dist/tex/latex/latexconfig/graphics.cfg
File: graphics.cfg 2010/04/23 v1.9 graphics configuration of TeX Live
)
Package graphics Info: Driver file: pdftex.def on input line 91.

(/usr/share/texlive/texmf-dist/tex/latex/pdftex-def/pdftex.def
File: pdftex.def 2011/05/27 v0.06d Graphics/color for pdfTeX
\Gread@gobject=\count113
))
\Gin@req@height=\dimen116
\Gin@req@width=\dimen117
)
(/usr/share/texlive/texmf-dist/tex/generic/babel/babel.sty
Package: babel 2013/12/03 3.9h The Babel package

(/usr/share/texlive/texmf-dist/tex/generic/babel-french/frenchb.ldf
Language: frenchb 2013/12/30 v2.6g French support from the babel system

(/usr/share/texlive/texmf-dist/tex/generic/babel/babel.def
File: babel.def 2013/12/03 3.9h Babel common definitions
\babel@savecnt=\count114
\U@D=\dimen118
)
\FB@interchartokenstateORI=\count115
Package babel Info: Making : an active character on input line 244.
Package babel Info: Making ; an active character on input line 245.
Package babel Info: Making ! an active character on input line 246.
Package babel Info: Making ? an active character on input line 247.
\FB@Mht=\dimen119
\std@mcc=\count116
\dec@mcc=\count117
\listindentFB=\skip47
\labelwidthFB=\skip48
\leftmarginFB=\skip49
\parindentFFN=\dimen120
))
(/usr/share/texlive/texmf-dist/tex/latex/carlisle/scalefnt.sty)
(/usr/share/texlive/texmf-dist/tex/latex/listings/listings.sty
\lst@mode=\count118
\lst@gtempboxa=\box28
\lst@token=\toks24
\lst@length=\count119
\lst@currlwidth=\dimen121
\lst@column=\count120
\lst@pos=\count121
\lst@lostspace=\dimen122
\lst@width=\dimen123
\lst@newlines=\count122
\lst@lineno=\count123
\lst@maxwidth=\dimen124

(/usr/share/texlive/texmf-dist/tex/latex/listings/lstmisc.sty
File: lstmisc.sty 2013/08/26 1.5b (Carsten Heinz)
\c@lstnumber=\count124
\lst@skipnumbers=\count125
\lst@framebox=\box29
)
(/usr/share/texlive/texmf-dist/tex/latex/listings/listings.cfg
File: listings.cfg 2013/08/26 1.5b listings configuration
))
Package: listings 2013/08/26 1.5b (Carsten Heinz)

(/usr/share/texmf/tex/latex/xcolor/xcolor.sty
Package: xcolor 2007/01/21 v2.11 LaTeX color extensions (UK)

(/usr/share/texlive/texmf-dist/tex/latex/latexconfig/color.cfg
File: color.cfg 2007/01/18 v1.5 color configuration of teTeX/TeXLive
)
Package xcolor Info: Driver file: pdftex.def on input line 225.
Package xcolor Info: Model `cmy' substituted by `cmy0' on input line 1337.
Package xcolor Info: Model `hsb' substituted by `rgb' on input line 1341.
Package xcolor Info: Model `RGB' extended on input line 1353.
Package xcolor Info: Model `HTML' substituted by `rgb' on input line 1355.
Package xcolor Info: Model `Hsb' substituted by `hsb' on input line 1356.
Package xcolor Info: Model `tHsb' substituted by `hsb' on input line 1357.
Package xcolor Info: Model `HSB' substituted by `hsb' on input line 1358.
Package xcolor Info: Model `Gray' substituted by `gray' on input line 1359.
Package xcolor Info: Model `wave' substituted by `hsb' on input line 1360.
)
(/usr/share/texlive/texmf-dist/tex/latex/listings/lstlang1.sty
File: lstlang1.sty 2013/08/26 1.5b listings language file
)
(/usr/share/texlive/texmf-dist/tex/latex/listings/lstlang1.sty
File: lstlang1.sty 2013/08/26 1.5b listings language file
)
(/usr/share/texlive/texmf-dist/tex/latex/listings/lstmisc.sty
File: lstmisc.sty 2013/08/26 1.5b (Carsten Heinz)
)
(/usr/share/texlive/texmf-dist/tex/latex/base/makeidx.sty
Package: makeidx 2000/03/29 v1.0m Standard LaTeX package
)
\@indexfile=\write3
\openout3 = `140720-ergo.idx'.


Writing index file 140720-ergo.idx
(./140720-ergo.aux (./Installation/installation.aux)
(./Base_de_Ogre/Inserer_des_objets/inserer_des_objets.aux)
(./Base_de_Ogre/Se_reperer_ds_l_espace/se_reperer_dans_l_espace.aux)
(./Base_de_Ogre/La_lumiere/la_lumiere.aux)
(./Base_de_Ogre/La_gestion_des_entrees/la_gestion_des_entrees.aux)
(./Base_de_Ogre/Garder_les_pieds_sur_terre/garder_les_pieds_sur_terre.aux)
(./Annexe_latex/annexe_latex.aux))
\openout1 = `140720-ergo.aux'.

LaTeX Font Info:    Checking defaults for OML/cmm/m/it on input line 51.
LaTeX Font Info:    ... okay on input line 51.
LaTeX Font Info:    Checking defaults for T1/cmr/m/n on input line 51.
LaTeX Font Info:    ... okay on input line 51.
LaTeX Font Info:    Checking defaults for OT1/cmr/m/n on input line 51.
LaTeX Font Info:    ... okay on input line 51.
LaTeX Font Info:    Checking defaults for OMS/cmsy/m/n on input line 51.
LaTeX Font Info:    ... okay on input line 51.
LaTeX Font Info:    Checking defaults for OMX/cmex/m/n on input line 51.
LaTeX Font Info:    ... okay on input line 51.
LaTeX Font Info:    Checking defaults for U/cmr/m/n on input line 51.
LaTeX Font Info:    ... okay on input line 51.
LaTeX Font Info:    Checking defaults for PD1/pdf/m/n on input line 51.
LaTeX Font Info:    ... okay on input line 51.
\AtBeginShipoutBox=\box30
Package hyperref Info: Link coloring OFF on input line 51.

(/usr/share/texlive/texmf-dist/tex/latex/hyperref/nameref.sty
Package: nameref 2012/10/27 v2.43 Cross-referencing by name of section

(/usr/share/texlive/texmf-dist/tex/generic/oberdiek/gettitlestring.sty
Package: gettitlestring 2010/12/03 v1.4 Cleanup title references (HO)
)
\c@section@level=\count126
)
LaTeX Info: Redefining \ref on input line 51.
LaTeX Info: Redefining \pageref on input line 51.
LaTeX Info: Redefining \nameref on input line 51.

(./140720-ergo.out) (./140720-ergo.out)
\@outlinefile=\write4
\openout4 = `140720-ergo.out'.


(/usr/share/texlive/texmf-dist/tex/context/base/supp-pdf.mkii
[Loading MPS to PDF converter (version 2006.09.02).]
\scratchcounter=\count127
\scratchdimen=\dimen125
\scratchbox=\box31
\nofMPsegments=\count128
\nofMParguments=\count129
\everyMPshowfont=\toks25
\MPscratchCnt=\count130
\MPscratchDim=\dimen126
\MPnumerator=\count131
\makeMPintoPDFobject=\count132
\everyMPtoPDFconversion=\toks26
) (/usr/share/texlive/texmf-dist/tex/latex/oberdiek/epstopdf-base.sty
Package: epstopdf-base 2010/02/09 v2.5 Base part for package epstopdf

(/usr/share/texlive/texmf-dist/tex/latex/oberdiek/grfext.sty
Package: grfext 2010/08/19 v1.1 Manage graphics extensions (HO)
)
Package grfext Info: Graphics extension search list:
(grfext)             [.png,.pdf,.jpg,.mps,.jpeg,.jbig2,.jb2,.PNG,.PDF,.JPG,.JPE
G,.JBIG2,.JB2,.eps]
(grfext)             \AppendGraphicsExtensions on input line 452.

(/usr/share/texlive/texmf-dist/tex/latex/latexconfig/epstopdf-sys.cfg
File: epstopdf-sys.cfg 2010/07/13 v1.3 Configuration of (r)epstopdf for TeX Liv
e
))
LaTeX Info: Redefining \degres on input line 51.
LaTeX Info: Redefining \dots on input line 51.
LaTeX Info: Redefining \up on input line 51.


Package frenchb.ldf Warning: OT1 encoding should not be used for French. 
(frenchb.ldf)                Add \usepackage[T1]{fontenc} to the preamble
(frenchb.ldf)                of your document, on input line 51.

\c@lstlisting=\count133
[1


{/var/lib/texmf/fonts/map/pdftex/updmap/pdftex.map}]
Underfull \hbox (badness 10000) in paragraph at lines 57--58

 []


Underfull \hbox (badness 10000) in paragraph at lines 59--60

 []


Underfull \hbox (badness 10000) in paragraph at lines 61--62

 []


Underfull \hbox (badness 10000) in paragraph at lines 63--64

 []


Underfull \hbox (badness 10000) in paragraph at lines 67--69

 []

[2] [3

]
\openout2 = `Installation/installation.aux'.

 (./Installation/installation.tex
Chapitre 1.
LaTeX Font Info:    Try loading font information for U+msa on input line 8.
(/usr/share/texlive/texmf-dist/tex/latex/amsfonts/umsa.fd
File: umsa.fd 2013/01/14 v3.01 AMS symbols A
)
LaTeX Font Info:    Try loading font information for U+msb on input line 8.

(/usr/share/texlive/texmf-dist/tex/latex/amsfonts/umsb.fd
File: umsb.fd 2013/01/14 v3.01 AMS symbols B
)
Overfull \hbox (17.1659pt too wide) in paragraph at lines 7--9
[]\OT1/cmr/m/n/10 J'ai d'abord voulu suivre le tu-to-riel du site du z^^Sero []
$\OT1/cmtt/m/n/10 http : / / fr . openclassrooms .
 []


Underfull \hbox (badness 10000) in paragraph at lines 7--9

 []


Overfull \hbox (121.99597pt too wide) in paragraph at lines 10--11
\OT1/cmtt/m/n/10 wordpress . com / 2010 / 03 / 18 / installation-[]de-[]ogre-[]
1-[]7-[]et-[]compilation-[]avec-[]cmake-[]sous-[]ubuntu/$[] 
 []

[4


]
LaTeX Font Info:    Try loading font information for OMS+cmr on input line 56.
 (/usr/share/texlive/texmf-dist/tex/latex/base/omscmr.fd
File: omscmr.fd 1999/05/25 v2.5h Standard LaTeX font definitions
)
LaTeX Font Info:    Font shape `OMS/cmr/m/n' in size <8> not available
(Font)              Font shape `OMS/cmsy/m/n' tried instead on input line 56.
 [5]
Overfull \hbox (2.49698pt too wide) in paragraph at lines 155--157
[]$\OT1/cmtt/m/n/10 http : / / fr . openclassrooms . com / informatique / cours
 / decouvrez-[]ogre-[]3d /
 []


Overfull \hbox (59.74648pt too wide) in paragraph at lines 159--162
[]$\OT1/cmtt/m/n/10 http : / / www . ogre3d . org / tikiwiki / tiki-[]index . p
hp ? page = Setting + Up + An + Application +
 []


Overfull \hbox (17.49698pt too wide) in paragraph at lines 168--169
[][]$\OT1/cmtt/m/n/10 http : / / fr . openclassrooms . com / informatique / cou
rs / decouvrez-[]ogre-[]3d /
 []

[6]) [7]
\openout2 = `Base_de_Ogre/Inserer_des_objets/inserer_des_objets.aux'.

 (./Base_de_Ogre/Inserer_des_objets/inserer_des_objets.tex
Chapitre 2.

Underfull \hbox (badness 10000) in paragraph at lines 13--14

 []

[8



]
LaTeX Font Info:    Try loading font information for OML+cmr on input line 31.
 (/usr/share/texlive/texmf-dist/tex/latex/base/omlcmr.fd
File: omlcmr.fd 1999/05/25 v2.5h Standard LaTeX font definitions
)
LaTeX Font Info:    Font shape `OML/cmr/m/n' in size <8> not available
(Font)              Font shape `OML/cmm/m/it' tried instead on input line 31.

Overfull \hbox (6.27937pt too wide) in paragraph at lines 42--43
[]\OT1/cmr/m/n/10 Le fi-chier sp^^Secifi^^Se (avec le deuxi^^Reme pa-ram^^Retre
) se trouve, ac-com-pagn^^Se d'autres
 []


Underfull \hbox (badness 10000) in paragraph at lines 76--77

 []


Underfull \hbox (badness 10000) in paragraph at lines 85--86

 []

[9]
Underfull \hbox (badness 10000) in paragraph at lines 102--103

 []


Overfull \hbox (5.44606pt too wide) in paragraph at lines 104--105
[]\OT1/cmr/m/n/10 Avec ce code en main, vous pou-vez sim-ple-ment at-ta-cher l'
en-tit^^Se pr^^Sec^^Sedemment
 []

Package hyperref Info: bookmark level for unknown lstlisting defaults to 0 on i
nput line 117.
[10]
Underfull \hbox (badness 10000) in paragraph at lines 158--159

 []

[11] [12]
LaTeX Font Info:    Font shape `OMS/cmr/m/it' in size <8> not available
(Font)              Font shape `OMS/cmsy/m/n' tried instead on input line 290.
LaTeX Font Info:    Font shape `OML/cmr/m/it' in size <8> not available
(Font)              Font shape `OML/cmm/m/it' tried instead on input line 292.
 [13]) [14]
\openout2 = `Base_de_Ogre/Se_reperer_ds_l_espace/se_reperer_dans_l_espace.aux'.


(./Base_de_Ogre/Se_reperer_ds_l_espace/se_reperer_dans_l_espace.tex
Chapitre 3.

Overfull \hbox (67.49747pt too wide) in paragraph at lines 24--25
[]\OT1/cmr/m/n/10 Image uti-li-sa-teur cf([]$\OT1/cmtt/m/n/10 fr . openclassroo
ms . com / informatique / cours / decouvrez-[]ogre-[]3d /
 []

[15



]
Overfull \hbox (67.49747pt too wide) in paragraph at lines 67--68
[]\OT1/cmr/m/n/10 Image uti-li-sa-teur cf([]$\OT1/cmtt/m/n/10 fr . openclassroo
ms . com / informatique / cours / decouvrez-[]ogre-[]3d /
 []


Overfull \hbox (5.78595pt too wide) in paragraph at lines 81--82
\OT1/cmr/m/n/10 degr^^Ses dans Ogre, vous de-vrez uti-li-ser la classe De-gree.
 La ligne de code pr^^Sec^^Sedente
 []

[16] [17] [18] [19] [20] [21] [22]
<Base_de_Ogre/Se_reperer_ds_l_espace/Images/plusieursViewport.png, id=898, 1264
.725pt x 790.45313pt>
File: Base_de_Ogre/Se_reperer_ds_l_espace/Images/plusieursViewport.png Graphic 
file (type png)

<use Base_de_Ogre/Se_reperer_ds_l_espace/Images/plusieursViewport.png>
Package pdftex.def Info: Base_de_Ogre/Se_reperer_ds_l_espace/Images/plusieursVi
ewport.png used on input line 493.
(pdftex.def)             Requested size: 316.18048pt x 197.6128pt.
 [23 <./Base_de_Ogre/Se_reperer_ds_l_espace/Images/plusieursViewport.png>]
<Base_de_Ogre/Se_reperer_ds_l_espace/Images/plusieursViewport2.png, id=919, 126
4.725pt x 790.45313pt>
File: Base_de_Ogre/Se_reperer_ds_l_espace/Images/plusieursViewport2.png Graphic
 file (type png)

<use Base_de_Ogre/Se_reperer_ds_l_espace/Images/plusieursViewport2.png>
Package pdftex.def Info: Base_de_Ogre/Se_reperer_ds_l_espace/Images/plusieursVi
ewport2.png used on input line 528.
(pdftex.def)             Requested size: 316.18048pt x 197.6128pt.
)
[24 <./Base_de_Ogre/Se_reperer_ds_l_espace/Images/plusieursViewport2.png>]
\openout2 = `Base_de_Ogre/La_lumiere/la_lumiere.aux'.


(./Base_de_Ogre/La_lumiere/la_lumiere.tex
Chapitre 4.
[25



] [26]
Overfull \hbox (5.80609pt too wide) in paragraph at lines 131--132
\OT1/cmr/m/n/10 po-sant une lumi^^Rere di-rec-tion-nelle d^^Sefinie dans un c^o
ne cen-tral et un c^one ext^^Serieur,
 []


Overfull \hbox (5.92049pt too wide) in paragraph at lines 140--141
\OT1/cmr/m/n/10 d'une lumi^^Rere ponc-tuelle : il faut que les ver-tices soient
 ^^Seclair^^Ses pour que l'^^Seclairage
 []

[27] [28] [29] [30] [31]) [32]
\openout2 = `Base_de_Ogre/La_gestion_des_entrees/la_gestion_des_entrees.aux'.


(./Base_de_Ogre/La_gestion_des_entrees/la_gestion_des_entrees.tex
Chapitre 5.

Underfull \hbox (badness 10000) in paragraph at lines 28--29

 []

[33



]
Overfull \hbox (11.33511pt too wide) in paragraph at lines 71--73
\OT1/cmr/m/n/10 tique, nous al-lons juste de-voir red^^Sefinir fra-me-Ren-de-ri
ng-Queued() pour impl^^Sementer
 []

[34]
Overfull \hbox (49.3073pt too wide) in paragraph at lines 100--101
[]\OT1/cmr/m/n/10 Dans votre fi-chier In-put-Lis-te-ner.cpp, pr^^Separez le con
struc-teur ainsi que l'impl^^Sementation
 []

[35]
Underfull \hbox (badness 10000) in paragraph at lines 173--174

 []


Underfull \hbox (badness 10000) in paragraph at lines 181--182

 []


Underfull \hbox (badness 10000) in paragraph at lines 187--188

 []


Overfull \hbox (2.15594pt too wide) in paragraph at lines 197--198
[]\OT1/cmr/m/n/10 Ce qui donne par exemple OIS : :KC[]A pour la touche 'A'[][][
], ou OIS : :MC[]Left
 []


Underfull \hbox (badness 10000) in paragraph at lines 197--198

 []


Underfull \hbox (badness 10000) in paragraph at lines 199--200

 []

[36] [37]
Underfull \hbox (badness 10000) in paragraph at lines 286--287

 []

[38] [39] [40]
Overfull \hbox (3.97717pt too wide) in paragraph at lines 480--481
[]\OT1/cmr/m/n/10 Dans la m^^Sethode In-put-Lis-te-ner : :fra-me-Ren-de-ring-Qu
eued, les touches press^^Sees
 []

[41] [42] [43] [44] [45] [46] [47] [48] [49] [50] [51]
Underfull \hbox (badness 10000) in paragraph at lines 1056--1057

 []


Overfull \hbox (4.5493pt too wide) in paragraph at lines 1060--1061
[]\OT1/cmr/m/n/10 Gardez ce-pen-dant bien ^^Ra l'es-prit qu'\OT1/cmr/bx/n/10 il
 ne peut y avoir qu'un seul ^^Secouteur
 []


Underfull \hbox (badness 10000) in paragraph at lines 1060--1061

 []

[52] [53] [54] [55]) [56]
\openout2 = `Base_de_Ogre/Garder_les_pieds_sur_terre/garder_les_pieds_sur_terre
.aux'.


(./Base_de_Ogre/Garder_les_pieds_sur_terre/garder_les_pieds_sur_terre.tex
Chapitre 6.
[57



]
Underfull \hbox (badness 10000) in paragraph at lines 57--58

 []


Overfull \hbox (2.0294pt too wide) in paragraph at lines 67--68
[]\OT1/cmr/m/n/10 Au d^^Sebut de la m^^Sethode crea-teS-cene(), nous al-lons r^
^Segler quelques pa-ram^^Retres
 []

[58]
Overfull \hbox (4.58394pt too wide) in paragraph at lines 124--125
[]\OT1/cmr/m/n/10 La se-conde ligne ap-pelle la m^^Sethode set-Max-Pixe-lEr-ror
()[] qui donne la pr^^Secision
 []

[59]
<Base_de_Ogre/Garder_les_pieds_sur_terre/terrain.png, id=2141, 514.92375pt x 51
4.92375pt>
File: Base_de_Ogre/Garder_les_pieds_sur_terre/terrain.png Graphic file (type pn
g)
 <use Base_de_Ogre/Garder_les_pieds_sur_terre/terrain.png>
Package pdftex.def Info: Base_de_Ogre/Garder_les_pieds_sur_terre/terrain.png us
ed on input line 168.
(pdftex.def)             Requested size: 113.81102pt x 113.81pt.
 [60 <./Base_de_Ogre/Garder_les_pieds_sur_terre/terrain.png>] [61]
Overfull \hbox (6.70116pt too wide) in paragraph at lines 263--264
[]\OT1/cmr/m/n/10 Deux tex-tures? Je croyais qu'on met-tait les tex-tures sur d
es calques diff^^Serents? 
 []

[62] [63]
Underfull \hbox (badness 10000) in paragraph at lines 390--391

 []


Underfull \hbox (badness 10000) in paragraph at lines 394--395

 []

[64]
Overfull \hbox (2.77948pt too wide) in paragraph at lines 435--436
[]\OT1/cmr/m/n/10 Pour ter-mi-ner, il faut mettre ^^Ra jour notre Blend Map en 
ap-pe-lant les m^^Sethodes
 []

[65] [66] [67]
Overfull \hbox (4.91716pt too wide) in paragraph at lines 651--652
[]\OT1/cmr/m/n/10 Comme on ne veut af-fi-cher que les points dont la va-leur ca
l-cul^^See pr^^Sec^^Sedemment
 []

[68] [69] [70] [71] [72]
LaTeX Font Info:    Font shape `OMS/cmr/m/n' in size <10> not available
(Font)              Font shape `OMS/cmsy/m/n' tried instead on input line 863.
 [73]) [74]
\openout2 = `Annexe_latex/annexe_latex.aux'.

 (./Annexe_latex/annexe_latex.tex
Annexe A.

Underfull \hbox (badness 10000) in paragraph at lines 6--7

 []

[75



] [76]

Package Listings Warning: Text dropped after begin of listing on input line 162
.


Package Listings Warning: Text dropped after begin of listing on input line 192
.


Underfull \hbox (badness 10000) in paragraph at lines 196--199

 []


Package Listings Warning: Text dropped after begin of listing on input line 206
.

[77]

Package Listings Warning: Text dropped after begin of listing on input line 256
.


Package Listings Warning: Text dropped after begin of listing on input line 262
.


Package Listings Warning: Text dropped after begin of listing on input line 291
.

[78]
Overfull \hbox (33.46916pt too wide) in paragraph at lines 313--314
[]\OT1/cmr/m/n/10 cf []$\OT1/cmtt/m/n/10 http : / / tex . stackexchange . com /
 questions / 21106 / adding-[]c-[]code-[]in-[]latex$[] 
 []


Package Listings Warning: Text dropped after begin of listing on input line 330
.

) [79]
No file 140720-ergo.ind.
Package atveryend Info: Empty hook `BeforeClearDocument' on input line 103.
Package atveryend Info: Empty hook `AfterLastShipout' on input line 103.
(./140720-ergo.aux (./Installation/installation.aux)
(./Base_de_Ogre/Inserer_des_objets/inserer_des_objets.aux)
(./Base_de_Ogre/Se_reperer_ds_l_espace/se_reperer_dans_l_espace.aux)
(./Base_de_Ogre/La_lumiere/la_lumiere.aux)
(./Base_de_Ogre/La_gestion_des_entrees/la_gestion_des_entrees.aux)
(./Base_de_Ogre/Garder_les_pieds_sur_terre/garder_les_pieds_sur_terre.aux)
(./Annexe_latex/annexe_latex.aux))
Package atveryend Info: Executing hook `AtVeryEndDocument' on input line 103.
Package atveryend Info: Executing hook `AtEndAfterFileList' on input line 103.
Package rerunfilecheck Info: File `140720-ergo.out' has not changed.
(rerunfilecheck)             Checksum: 7D97D2ABB037E0BDBFFF3609AE83A81E;6493.
Package atveryend Info: Empty hook `AtVeryVeryEnd' on input line 103.
 ) 
Here is how much of TeX's memory you used:
 12525 strings out of 494958
 179765 string characters out of 6179213
 432537 words of memory out of 5000000
 13578 multiletter control sequences out of 15000+600000
 12648 words of font info for 48 fonts, out of 8000000 for 9000
 36 hyphenation exceptions out of 8191
 33i,7n,58p,693b,1983s stack positions out of 5000i,500n,10000p,200000b,80000s
</usr/share/texlive/texmf-dist/fonts/type1/public/amsfonts/cm/cmbx10.pfb></us
r/share/texlive/texmf-dist/fonts/type1/public/amsfonts/cm/cmbx12.pfb></usr/shar
e/texlive/texmf-dist/fonts/type1/public/amsfonts/cm/cmbx8.pfb></usr/share/texli
ve/texmf-dist/fonts/type1/public/amsfonts/cm/cmcsc10.pfb></usr/share/texlive/te
xmf-dist/fonts/type1/public/amsfonts/cm/cmmi8.pfb></usr/share/texlive/texmf-dis
t/fonts/type1/public/amsfonts/cm/cmr10.pfb></usr/share/texlive/texmf-dist/fonts
/type1/public/amsfonts/cm/cmr7.pfb></usr/share/texlive/texmf-dist/fonts/type1/p
ublic/amsfonts/cm/cmr8.pfb></usr/share/texlive/texmf-dist/fonts/type1/public/am
sfonts/cm/cmsy10.pfb></usr/share/texlive/texmf-dist/fonts/type1/public/amsfonts
/cm/cmsy5.pfb></usr/share/texlive/texmf-dist/fonts/type1/public/amsfonts/cm/cms
y8.pfb></usr/share/texlive/texmf-dist/fonts/type1/public/amsfonts/cm/cmti7.pfb>
</usr/share/texlive/texmf-dist/fonts/type1/public/amsfonts/cm/cmti8.pfb></usr/s
hare/texlive/texmf-dist/fonts/type1/public/amsfonts/cm/cmtt10.pfb>
Output written on 140720-ergo.pdf (79 pages, 4491287 bytes).
PDF statistics:
 3087 PDF objects out of 3580 (max. 8388607)
 2957 compressed objects within 30 object streams
 1997 named destinations out of 2073 (max. 500000)
 760 words of extra memory for PDF output out of 10000 (max. 10000000)

